Added Component: Designator=C1(C0805)
Added Component: Designator=C2(C0805)
Added Component: Designator=C3(C0805)
Added Component: Designator=C4(C0805)
Added Component: Designator=CN1(IDC_MALE_6V)
Added Component: Designator=HL1(DRV5033)
Added Component: Designator=LED1(LED0805)
Added Component: Designator=LED2(LED0805)
Added Component: Designator=R1(R0805)
Added Component: Designator=R2(R0805)
Added Component: Designator=R3(R0805)
Added Component: Designator=R4(R0805)
Added Component: Designator=R5(R0805)
Added Component: Designator=R6(R0805)
Added Component: Designator=U1(IC485)
Added Pin To Net: NetName=GND Pin=C1-1
Added Pin To Net: NetName=3.3V Pin=C1-2
Added Pin To Net: NetName=GND Pin=C2-1
Added Pin To Net: NetName=GND Pin=C3-1
Added Pin To Net: NetName=3.3V Pin=C3-2
Added Pin To Net: NetName=GND Pin=C4-1
Added Pin To Net: NetName=3.3V Pin=C4-2
Added Pin To Net: NetName=3.3V Pin=CN1-1
Added Pin To Net: NetName=GND Pin=CN1-2
Added Pin To Net: NetName=GND Pin=CN1-5
Added Pin To Net: NetName=3.3V Pin=CN1-6
Added Pin To Net: NetName=3.3V Pin=HL1-1
Added Pin To Net: NetName=GND Pin=HL1-2
Added Pin To Net: NetName=GND Pin=LED1-2
Added Pin To Net: NetName=NetLED2_1 Pin=LED2-1
Added Pin To Net: NetName=GND Pin=LED2-2
Added Pin To Net: NetName=GND Pin=R1-2
Added Pin To Net: NetName=3.3V Pin=R3-2
Added Pin To Net: NetName=3.3V Pin=R4-1
Added Pin To Net: NetName=NetLED2_1 Pin=R6-1
Added Pin To Net: NetName=3.3V Pin=R6-2
Added Pin To Net: NetName=3.3V Pin=U1-2
Added Pin To Net: NetName=3.3V Pin=U1-3
Added Pin To Net: NetName=GND Pin=U1-5
Added Pin To Net: NetName=3.3V Pin=U1-8
Added Pin To Net: NetName=D_N Pin=CN1-4
Added Pin To Net: NetName=D_N Pin=R1-1
Added Pin To Net: NetName=D_N Pin=R2-2
Added Pin To Net: NetName=D_N Pin=U1-7
Added Net: Name=D_N
Added Pin To Net: NetName=D_P Pin=CN1-3
Added Pin To Net: NetName=D_P Pin=R2-1
Added Pin To Net: NetName=D_P Pin=R4-2
Added Pin To Net: NetName=D_P Pin=U1-6
Added Net: Name=D_P
Added Pin To Net: NetName=NetLED1_1 Pin=LED1-1
Added Pin To Net: NetName=NetLED1_1 Pin=R5-1
Added Net: Name=NetLED1_1
Added Pin To Net: NetName=SEN Pin=C2-2
Added Pin To Net: NetName=SEN Pin=HL1-3
Added Pin To Net: NetName=SEN Pin=R3-1
Added Pin To Net: NetName=SEN Pin=R5-2
Added Pin To Net: NetName=SEN Pin=U1-4
Added Net: Name=SEN
